<?xml version="1.0" encoding="UTF-8"?>
<testsuite xmlns:xsi="http://www.w3.org/2001/XMLSchema-instance" xsi:noNamespaceSchemaLocation="https://maven.apache.org/surefire/maven-surefire-plugin/xsd/surefire-test-report.xsd" version="3.0.2" name="runner.TestRunner" time="0.112" tests="2" errors="0" skipped="0" failures="0">
  <properties>
[...]
</properties>
  <testcase name="Successfull login" classname="User login" time="0.024">
    <system-out><![CDATA[
Scenario: Successfull login                                            # src/test/resources/features/login.feature:3
  Given the user is on login page                                      # stepDefinitions.LoginSteps.the_user_is_on_login_page()
  When the user enters the credentials "test@gmail.com" and "test@123" # stepDefinitions.LoginSteps.the_user_enters_the_credentials_and(java.lang.String,java.lang.String)
  And the user click on the login button                               # stepDefinitions.LoginSteps.the_user_click_on_the_login_button()
  Then the user should be redirected to the My Account page            # stepDefinitions.LoginSteps.the_user_should_be_redirected_to_the_my_account_page()
  And the user should see a welcome message                            # stepDefinitions.LoginSteps.the_user_should_see_a_welcome_message()
]]></system-out>
  </testcase>
  <testcase name="Unsuccessfull login" classname="User login" time="0.001">
    <system-out><![CDATA[
Scenario: Unsuccessfull login                                            # src/test/resources/features/login.feature:10
  Given the user is on login page                                        # stepDefinitions.LoginSteps.the_user_is_on_login_page()
  When the user enters the invalid credentials "test@123" and "admin123" # stepDefinitions.LoginSteps.the_user_enters_the_invalid_credentials_and(java.lang.String,java.lang.String)
  And the user click on the login button                                 # stepDefinitions.LoginSteps.the_user_click_on_the_login_button()
  Then the user should be redirected to the My Account page              # stepDefinitions.LoginSteps.the_user_should_be_redirected_to_the_my_account_page()
  And the user should see the login page                                 # stepDefinitions.LoginSteps.the_user_should_see_the_login_page()
]]></system-out>
  </testcase>
</testsuite>